2022-06-02 14:42:57 - Some file added: testdir\1.txt
2022-06-02 14:42:57 - Some file added: testdir\123.txt
2022-06-02 14:42:57 - Some file added: testdir\2.txt
2022-06-02 14:42:57 - Some file added: testdir\6.txt
2022-06-02 14:42:57 - Some file added: testdir\subdir\3.txt
2022-06-02 14:42:57 - Some file added: testdir\subdir\4.jpg
2022-06-02 14:42:57 - Some file added: testdir\subdir\5.txt
2022-06-02 14:42:57 - Some file added: testdir\subdir\6.txt
2022-06-02 14:43:08 - Some file changed: testdir\123.txt
2022-06-02 14:43:32 - Some file changed: testdir\subdir\3.txt
2022-06-02 14:45:03 - Some file changed: testdir\123.txt
2022-06-02 14:45:12 - Some file deleted: testdir\123.txt
2022-06-02 14:45:13 - Some file deleted: testdir\123.txt
2022-06-02 14:45:14 - Some file deleted: testdir\123.txt
2022-06-02 14:45:15 - Some file deleted: testdir\123.txt
2022-06-02 14:45:16 - Some file deleted: testdir\123.txt
2022-06-02 14:57:01 - Some file added: testdir\1.txt
2022-06-02 14:57:01 - Some file added: testdir\2.txt
2022-06-02 14:57:01 - Some file added: testdir\6.txt
2022-06-02 14:57:01 - Some file added: testdir\subdir\3.txt
2022-06-02 14:57:01 - Some file added: testdir\subdir\4.jpg
2022-06-02 14:57:01 - Some file added: testdir\subdir\5.txt
2022-06-02 14:57:01 - Some file added: testdir\subdir\6.txt
2022-06-02 14:57:19 - Some file deleted: testdir\subdir\6.txt
2022-06-02 14:57:27 - Some file changed: testdir\subdir\5.txt
2022-06-02 14:57:30 - Some file changed: testdir\subdir\5.txt
2022-06-02 14:57:42 - Some file changed: testdir\subdir\6.txt
2022-06-02 14:57:45 - Some file changed: testdir\subdir\6.txt
2022-06-02 14:57:49 - Some file deleted: testdir\subdir\6.txt
